<?xml version="1.0" encoding="UTF-8"?>
<coverage generated="1737977436540" clover="3.2.0">
  <project timestamp="1737977436540" name="All files">
    <metrics statements="7" coveredstatements="4" conditionals="2" coveredconditionals="0" methods="2" coveredmethods="1" elements="11" coveredelements="5" complexity="0" loc="7" ncloc="7" packages="1" files="2" classes="2"/>
    <file name="app.component.html" path="/Users/rogithy/Desktop/angulartest/src/app/app.component.html">
      <metrics statements="1" coveredstatements="1" conditionals="0" coveredconditionals="0" methods="0" coveredmethods="0"/>
      <line num="1" count="1" type="stmt"/>
    </file>
    <file name="app.component.ts" path="/Users/rogithy/Desktop/angulartest/src/app/app.component.ts">
      <metrics statements="6" coveredstatements="3" conditionals="2" coveredconditionals="0" methods="2" coveredmethods="1"/>
      <line num="1" count="1" type="stmt"/>
      <line num="8" count="1" type="stmt"/>
      <line num="9" count="2" type="stmt"/>
      <line num="12" count="0" type="cond" truecount="0" falsecount="2"/>
      <line num="13" count="0" type="stmt"/>
      <line num="16" count="0" type="stmt"/>
    </file>
  </project>
</coverage>
