{"/Users/rogithy/Desktop/angulartest/src/app/app.component.html": {"path":"/Users/rogithy/Desktop/angulartest/src/app/app.component.html","statementMap":{"0":{"start":{"line":1,"column":0},"end":{"line":1,"column":23808}}},"fnMap":{},"branchMap":{},"s":{"0":1},"f":{},"b":{},"_coverageSchema":"1a1c01bbd47fc00a2c39e90264f33305004495a9","hash":"143e82dde35a6b27adab438178faf4f551fd86d4"}
,"/Users/rogithy/Desktop/angulartest/src/app/app.component.ts": {"path":"/Users/rogithy/Desktop/angulartest/src/app/app.component.ts","statementMap":{"0":{"start":{"line":1,"column":0},"end":{"line":1,"column":50}},"1":{"start":{"line":8,"column":25},"end":{"line":16,"column":null}},"2":{"start":{"line":9,"column":2},"end":{"line":9,"column":20}},"3":{"start":{"line":12,"column":4},"end":{"line":14,"column":null}},"4":{"start":{"line":13,"column":6},"end":{"line":13,"column":null}},"5":{"start":{"line":8,"column":13},"end":{"line":16,"column":null}}},"fnMap":{"0":{"name":"(anonymous_0)","decl":{"start":{"line":8,"column":7},"end":{"line":8,"column":13}},"loc":{"start":{"line":8,"column":7},"end":{"line":16,"column":1}}},"1":{"name":"(anonymous_1)","decl":{"start":{"line":11,"column":2},"end":{"line":11,"column":10}},"loc":{"start":{"line":11,"column":10},"end":{"line":15,"column":3}}}},"branchMap":{"0":{"loc":{"start":{"line":12,"column":4},"end":{"line":14,"column":null}},"type":"if","locations":[{"start":{"line":12,"column":4},"end":{"line":14,"column":null}}]}},"s":{"0":1,"1":1,"2":3,"3":1,"4":0,"5":1},"f":{"0":3,"1":1},"b":{"0":[0]}}
}
